13:37:28 [Test worker] INFO  b.h.d.s.StagemanagementApplicationTests - Starting StagemanagementApplicationTests using Java 17.0.10 with PID 17280 (started by luish in C:\Users\luish\OneDrive\Documents\HEH\TFE 2023-24\WEB stage\Projets\Backend\stagemanagement)
13:37:28 [Test worker] INFO  b.h.d.s.StagemanagementApplicationTests - No active profile set, falling back to 1 default profile: "default"
13:37:29 [Test worker] INFO  o.s.d.r.c.RepositoryConfigurationDelegate - Bootstrapping Spring Data JDBC repositories in DEFAULT mode.
13:37:29 [Test worker] INFO  o.s.d.r.c.RepositoryConfigurationDelegate - Finished Spring Data repository scanning in 21 ms. Found 0 JDBC repository interfaces.
13:37:30 [Test worker] INFO  o.s.s.web.DefaultSecurityFilterChain - Will secure any request with [org.springframework.security.web.session.DisableEncodeUrlFilter@1491cd6c, org.springframework.security.web.context.request.async.WebAsyncManagerIntegrationFilter@423f8a73, org.springframework.security.web.context.SecurityContextHolderFilter@6eda012b, org.springframework.security.web.header.HeaderWriterFilter@402b4f81, org.springframework.web.filter.CorsFilter@1aedf08d, org.springframework.security.web.authentication.logout.LogoutFilter@591f6f83, org.springframework.security.oauth2.server.resource.web.authentication.BearerTokenAuthenticationFilter@3f0ce0d1, org.springframework.security.web.savedrequest.RequestCacheAwareFilter@7d66a126, org.springframework.security.web.servletapi.SecurityContextHolderAwareRequestFilter@1132baa3, org.springframework.security.web.authentication.AnonymousAuthenticationFilter@113dcaf8, org.springframework.security.web.session.SessionManagementFilter@6c8f4bc7, org.springframework.security.web.access.ExceptionTranslationFilter@200d1a3d, org.springframework.security.web.access.intercept.AuthorizationFilter@17176b18]
13:37:30 [Test worker] INFO  com.zaxxer.hikari.HikariDataSource - HikariPool-1 - Starting...
13:37:30 [Test worker] INFO  com.zaxxer.hikari.pool.HikariPool - HikariPool-1 - Added connection org.postgresql.jdbc.PgConnection@3f322610
13:37:30 [Test worker] INFO  com.zaxxer.hikari.HikariDataSource - HikariPool-1 - Start completed.
13:37:31 [Test worker] INFO  b.h.d.s.StagemanagementApplicationTests - Started StagemanagementApplicationTests in 2.744 seconds (process running for 4.038)
13:37:32 [SpringApplicationShutdownHook] INFO  com.zaxxer.hikari.HikariDataSource - HikariPool-1 - Shutdown initiated...
13:37:32 [SpringApplicationShutdownHook] INFO  com.zaxxer.hikari.HikariDataSource - HikariPool-1 - Shutdown completed.
13:38:25 [Test worker] INFO  b.h.d.s.StagemanagementApplicationTests - Starting StagemanagementApplicationTests using Java 17.0.10 with PID 26528 (started by luish in C:\Users\luish\OneDrive\Documents\HEH\TFE 2023-24\WEB stage\Projets\Backend\stagemanagement)
13:38:25 [Test worker] INFO  b.h.d.s.StagemanagementApplicationTests - No active profile set, falling back to 1 default profile: "default"
13:38:26 [Test worker] INFO  o.s.d.r.c.RepositoryConfigurationDelegate - Bootstrapping Spring Data JDBC repositories in DEFAULT mode.
13:38:26 [Test worker] INFO  o.s.d.r.c.RepositoryConfigurationDelegate - Finished Spring Data repository scanning in 18 ms. Found 0 JDBC repository interfaces.
13:38:27 [Test worker] INFO  o.s.s.web.DefaultSecurityFilterChain - Will secure any request with [org.springframework.security.web.session.DisableEncodeUrlFilter@423f8a73, org.springframework.security.web.context.request.async.WebAsyncManagerIntegrationFilter@1aedf08d, org.springframework.security.web.context.SecurityContextHolderFilter@781dbe44, org.springframework.security.web.header.HeaderWriterFilter@13ef7fa1, org.springframework.web.filter.CorsFilter@113dcaf8, org.springframework.security.web.authentication.logout.LogoutFilter@2b44605c, org.springframework.security.oauth2.server.resource.web.authentication.BearerTokenAuthenticationFilter@664db2ca, org.springframework.security.web.savedrequest.RequestCacheAwareFilter@1132baa3, org.springframework.security.web.servletapi.SecurityContextHolderAwareRequestFilter@2fdf22f7, org.springframework.security.web.authentication.AnonymousAuthenticationFilter@b5d9f1e, org.springframework.security.web.session.SessionManagementFilter@714e861f, org.springframework.security.web.access.ExceptionTranslationFilter@7de147e9, org.springframework.security.web.access.intercept.AuthorizationFilter@4e4395c]
13:38:27 [Test worker] INFO  com.zaxxer.hikari.HikariDataSource - HikariPool-1 - Starting...
13:38:27 [Test worker] INFO  com.zaxxer.hikari.pool.HikariPool - HikariPool-1 - Added connection org.postgresql.jdbc.PgConnection@1e477944
13:38:27 [Test worker] INFO  com.zaxxer.hikari.HikariDataSource - HikariPool-1 - Start completed.
13:38:27 [Test worker] INFO  b.h.d.s.StagemanagementApplicationTests - Started StagemanagementApplicationTests in 2.513 seconds (process running for 3.758)
13:38:28 [SpringApplicationShutdownHook] INFO  com.zaxxer.hikari.HikariDataSource - HikariPool-1 - Shutdown initiated...
13:38:28 [SpringApplicationShutdownHook] INFO  com.zaxxer.hikari.HikariDataSource - HikariPool-1 - Shutdown completed.
